<?xml version="1.0" encoding="UTF-8"?>
<!-- Generated by org.testng.reporters.JUnitReportReporter -->
<testsuite hostname="DESKTOP-BUR8TDF" failures="0" tests="1" name="com.nopCommercev2.testCases.TC_LoginTest_001" time="11.834" errors="0" timestamp="24 Jul 2019 05:04:31 GMT" skipped="0">
  <testcase classname="com.nopCommercev2.testCases.TC_LoginTest_001" name="loginTest" time="11.834"/>
</testsuite> <!-- com.nopCommercev2.testCases.TC_LoginTest_001 -->
