<?xml version="1.0" encoding="UTF-8"?>
<!-- Generated by org.testng.reporters.JUnitReportReporter -->
<testsuite hostname="DESKTOP-BUR8TDF" failures="0" tests="1" name="com.nopCommercev2.testCases.TC_LoginTest_001" time="19.077" errors="0" timestamp="26 Jul 2019 03:48:05 GMT" skipped="0">
  <testcase classname="com.nopCommercev2.testCases.TC_LoginTest_001" name="loginTest" time="19.077"/>
</testsuite> <!-- com.nopCommercev2.testCases.TC_LoginTest_001 -->
